GAS LISTING /tmp/ccf9Lm4R.s 			page 1


   1               		.file	"ascii.cpp"
   2               	__SP_H__ = 0x3e
   3               	__SP_L__ = 0x3d
   4               	__SREG__ = 0x3f
   5               	__tmp_reg__ = 0
   6               	__zero_reg__ = 1
   7               		.stabs	"/home/jiayang/\346\226\207\346\241\243/D4/D4_first ilmatto/libtft-cpp/",100,0,4,.Ltext0
   8               		.stabs	"ascii.cpp",100,0,4,.Ltext0
   9               		.text
  10               	.Ltext0:
  11               		.stabs	"gcc2_compiled.",60,0,0,0
  12               		.stabs	"__uint24:t(0,1)=@s24;r(0,1);0;077777777;",128,0,0,0
  13               		.stabs	"__int24:t(0,2)=@s24;r(0,2);040000000;037777777;",128,0,0,0
  14               		.stabs	"__builtin_va_list:t(0,3)=*(0,4)=(0,4)",128,0,0,0
  15               		.stabs	"complex long double:t(0,5)=R3;8;0;",128,0,0,0
  16               		.stabs	"complex double:t(0,6)=R3;8;0;",128,0,0,0
  17               		.stabs	"complex float:t(0,7)=R3;8;0;",128,0,0,0
  18               		.stabs	"complex int:t(0,8)=s4real:(0,9)=r(0,9);-32768;32767;,0,16;imag:(0,9),16,16;;",128,0,0,0
  19               		.stabs	"long long unsigned int:t(0,10)=@s64;r(0,10);0;01777777777777777777777;",128,0,0,0
  20               		.stabs	"long unsigned int:t(0,11)=@s32;r(0,11);0;037777777777;",128,0,0,0
  21               		.stabs	"unsigned int:t(0,12)=r(0,12);0;0177777;",128,0,0,0
  22               		.stabs	"unsigned char:t(0,13)=@s8;r(0,13);0;255;",128,0,0,0
  23               		.stabs	"long long int:t(0,14)=@s64;r(0,14);01000000000000000000000;0777777777777777777777;",128,0,
  24               		.stabs	"long int:t(0,15)=@s32;r(0,15);020000000000;017777777777;",128,0,0,0
  25               		.stabs	"int:t(0,9)",128,0,0,0
  26               		.stabs	"signed char:t(0,16)=@s8;r(0,16);-128;127;",128,0,0,0
  27               		.stabs	"char:t(0,17)=@s8;r(0,17);0;255;",128,0,0,0
  28               		.stabs	"signed:t(0,9)",128,0,0,0
  29               		.stabs	"unsigned long:t(0,11)",128,0,0,0
  30               		.stabs	"long long unsigned:t(0,10)",128,0,0,0
  31               		.stabs	"short int:t(0,18)=r(0,18);-32768;32767;",128,0,0,0
  32               		.stabs	"short unsigned int:t(0,19)=r(0,19);0;0177777;",128,0,0,0
  33               		.stabs	"unsigned short:t(0,19)",128,0,0,0
  34               		.stabs	"float:t(0,20)=r(0,9);4;0;",128,0,0,0
  35               		.stabs	"double:t(0,21)=r(0,9);4;0;",128,0,0,0
  36               		.stabs	"long double:t(0,22)=r(0,9);4;0;",128,0,0,0
  37               		.stabs	"void:t(0,4)",128,0,0,0
  38               		.stabs	"wchar_t:t(0,23)=r(0,23);-32768;32767;",128,0,0,0
  39               		.stabs	"bool:t(0,24)=@s8;-16;",128,0,0,0
  40               		.stabs	"__vtbl_ptr_type:t(0,25)=*(0,26)=f(0,9)",128,0,0,0
  41               		.stabs	"decltype(nullptr):t(0,27)=(0,27)",128,0,0,0
  42               		.stabs	"int8_t:t(0,28)=(0,16)",128,0,121,0
  43               		.stabs	"uint8_t:t(0,29)=(0,13)",128,0,122,0
  44               		.stabs	"int16_t:t(0,30)=(0,9)",128,0,123,0
  45               		.stabs	"uint16_t:t(0,31)=(0,12)",128,0,124,0
  46               		.stabs	"int32_t:t(0,32)=(0,15)",128,0,125,0
  47               		.stabs	"uint32_t:t(0,33)=(0,11)",128,0,126,0
  48               		.stabs	"int64_t:t(0,34)=(0,14)",128,0,128,0
  49               		.stabs	"uint64_t:t(0,35)=(0,10)",128,0,129,0
  50               		.stabs	"intptr_t:t(0,36)=(0,30)",128,0,142,0
  51               		.stabs	"uintptr_t:t(0,37)=(0,31)",128,0,147,0
  52               		.stabs	"int_least8_t:t(0,38)=(0,28)",128,0,159,0
  53               		.stabs	"uint_least8_t:t(0,39)=(0,29)",128,0,164,0
  54               		.stabs	"int_least16_t:t(0,40)=(0,30)",128,0,169,0
  55               		.stabs	"uint_least16_t:t(0,41)=(0,31)",128,0,174,0
  56               		.stabs	"int_least32_t:t(0,42)=(0,32)",128,0,179,0
  57               		.stabs	"uint_least32_t:t(0,43)=(0,33)",128,0,184,0
GAS LISTING /tmp/ccf9Lm4R.s 			page 2


  58               		.stabs	"int_least64_t:t(0,44)=(0,34)",128,0,192,0
  59               		.stabs	"uint_least64_t:t(0,45)=(0,35)",128,0,199,0
  60               		.stabs	"int_fast8_t:t(0,46)=(0,28)",128,0,213,0
  61               		.stabs	"uint_fast8_t:t(0,47)=(0,29)",128,0,218,0
  62               		.stabs	"int_fast16_t:t(0,48)=(0,30)",128,0,223,0
  63               		.stabs	"uint_fast16_t:t(0,49)=(0,31)",128,0,228,0
  64               		.stabs	"int_fast32_t:t(0,50)=(0,32)",128,0,233,0
  65               		.stabs	"uint_fast32_t:t(0,51)=(0,33)",128,0,238,0
  66               		.stabs	"int_fast64_t:t(0,52)=(0,34)",128,0,246,0
  67               		.stabs	"uint_fast64_t:t(0,53)=(0,35)",128,0,253,0
  68               		.stabs	"intmax_t:t(0,54)=(0,34)",128,0,273,0
  69               		.stabs	"uintmax_t:t(0,55)=(0,35)",128,0,278,0
  70               		.stabs	"int_farptr_t:t(0,56)=(0,32)",128,0,77,0
  71               		.stabs	"uint_farptr_t:t(0,57)=(0,33)",128,0,81,0
  72               		.stabs	"size_t:t(0,58)=(0,12)",128,0,213,0
  73               		.stabs	"._0:Tt(0,59)=s3low:(0,13),0,8;high:(0,13),8,8;extended:(0,13),16,8;;",128,0,240,0
  74               		.stabs	"__fuse_t:t(0,59)",128,0,244,0
  75               	.global	ascii
  76               		.section	.progmem.data,"a",@progbits
  77               		.type	ascii, @object
  78               		.size	ascii, 768
  79               	ascii:
  80 0000 02        		.byte	2
  81 0001 00        		.byte	0
  82 0002 00        		.byte	0
  83 0003 00        		.byte	0
  84 0004 00        		.byte	0
  85 0005 00        		.byte	0
  86 0006 00        		.byte	0
  87 0007 01        		.byte	1
  88 0008 22        		.byte	34
  89 0009 20        		.byte	32
  90 000a 20        		.byte	32
  91 000b 20        		.byte	32
  92 000c 00        		.byte	0
  93 000d 00        		.byte	0
  94 000e 20        		.byte	32
  95 000f 01        		.byte	1
  96 0010 52        		.byte	82
  97 0011 50        		.byte	80
  98 0012 50        		.byte	80
  99 0013 00        		.byte	0
 100 0014 00        		.byte	0
 101 0015 00        		.byte	0
 102 0016 00        		.byte	0
 103 0017 01        		.byte	1
 104 0018 52        		.byte	82
 105 0019 50        		.byte	80
 106 001a F8        		.byte	-8
 107 001b 50        		.byte	80
 108 001c F8        		.byte	-8
 109 001d 50        		.byte	80
 110 001e 50        		.byte	80
 111 001f 01        		.byte	1
 112 0020 22        		.byte	34
 113 0021 78        		.byte	120
 114 0022 A0        		.byte	-96
GAS LISTING /tmp/ccf9Lm4R.s 			page 3


 115 0023 70        		.byte	112
 116 0024 28        		.byte	40
 117 0025 F0        		.byte	-16
 118 0026 20        		.byte	32
 119 0027 01        		.byte	1
 120 0028 C2        		.byte	-62
 121 0029 C8        		.byte	-56
 122 002a 10        		.byte	16
 123 002b 20        		.byte	32
 124 002c 40        		.byte	64
 125 002d 98        		.byte	-104
 126 002e 18        		.byte	24
 127 002f 01        		.byte	1
 128 0030 62        		.byte	98
 129 0031 90        		.byte	-112
 130 0032 A0        		.byte	-96
 131 0033 40        		.byte	64
 132 0034 A8        		.byte	-88
 133 0035 90        		.byte	-112
 134 0036 68        		.byte	104
 135 0037 01        		.byte	1
 136 0038 62        		.byte	98
 137 0039 20        		.byte	32
 138 003a 40        		.byte	64
 139 003b 00        		.byte	0
 140 003c 00        		.byte	0
 141 003d 00        		.byte	0
 142 003e 00        		.byte	0
 143 003f 01        		.byte	1
 144 0040 12        		.byte	18
 145 0041 20        		.byte	32
 146 0042 40        		.byte	64
 147 0043 40        		.byte	64
 148 0044 40        		.byte	64
 149 0045 20        		.byte	32
 150 0046 10        		.byte	16
 151 0047 01        		.byte	1
 152 0048 42        		.byte	66
 153 0049 20        		.byte	32
 154 004a 10        		.byte	16
 155 004b 10        		.byte	16
 156 004c 10        		.byte	16
 157 004d 20        		.byte	32
 158 004e 40        		.byte	64
 159 004f 01        		.byte	1
 160 0050 02        		.byte	2
 161 0051 20        		.byte	32
 162 0052 A8        		.byte	-88
 163 0053 70        		.byte	112
 164 0054 A8        		.byte	-88
 165 0055 20        		.byte	32
 166 0056 00        		.byte	0
 167 0057 01        		.byte	1
 168 0058 02        		.byte	2
 169 0059 20        		.byte	32
 170 005a 20        		.byte	32
 171 005b F8        		.byte	-8
GAS LISTING /tmp/ccf9Lm4R.s 			page 4


 172 005c 20        		.byte	32
 173 005d 20        		.byte	32
 174 005e 00        		.byte	0
 175 005f 01        		.byte	1
 176 0060 02        		.byte	2
 177 0061 00        		.byte	0
 178 0062 00        		.byte	0
 179 0063 00        		.byte	0
 180 0064 00        		.byte	0
 181 0065 60        		.byte	96
 182 0066 20        		.byte	32
 183 0067 41        		.byte	65
 184 0068 02        		.byte	2
 185 0069 00        		.byte	0
 186 006a 00        		.byte	0
 187 006b F8        		.byte	-8
 188 006c 00        		.byte	0
 189 006d 00        		.byte	0
 190 006e 00        		.byte	0
 191 006f 01        		.byte	1
 192 0070 02        		.byte	2
 193 0071 00        		.byte	0
 194 0072 00        		.byte	0
 195 0073 00        		.byte	0
 196 0074 00        		.byte	0
 197 0075 60        		.byte	96
 198 0076 60        		.byte	96
 199 0077 01        		.byte	1
 200 0078 02        		.byte	2
 201 0079 08        		.byte	8
 202 007a 10        		.byte	16
 203 007b 20        		.byte	32
 204 007c 40        		.byte	64
 205 007d 80        		.byte	-128
 206 007e 00        		.byte	0
 207 007f 01        		.byte	1
 208 0080 72        		.byte	114
 209 0081 88        		.byte	-120
 210 0082 98        		.byte	-104
 211 0083 A8        		.byte	-88
 212 0084 C8        		.byte	-56
 213 0085 88        		.byte	-120
 214 0086 70        		.byte	112
 215 0087 01        		.byte	1
 216 0088 22        		.byte	34
 217 0089 60        		.byte	96
 218 008a 20        		.byte	32
 219 008b 20        		.byte	32
 220 008c 20        		.byte	32
 221 008d 20        		.byte	32
 222 008e 70        		.byte	112
 223 008f 01        		.byte	1
 224 0090 72        		.byte	114
 225 0091 88        		.byte	-120
 226 0092 08        		.byte	8
 227 0093 10        		.byte	16
 228 0094 20        		.byte	32
GAS LISTING /tmp/ccf9Lm4R.s 			page 5


 229 0095 40        		.byte	64
 230 0096 F8        		.byte	-8
 231 0097 01        		.byte	1
 232 0098 FA        		.byte	-6
 233 0099 10        		.byte	16
 234 009a 20        		.byte	32
 235 009b 10        		.byte	16
 236 009c 08        		.byte	8
 237 009d 88        		.byte	-120
 238 009e 70        		.byte	112
 239 009f 01        		.byte	1
 240 00a0 12        		.byte	18
 241 00a1 30        		.byte	48
 242 00a2 50        		.byte	80
 243 00a3 90        		.byte	-112
 244 00a4 F8        		.byte	-8
 245 00a5 10        		.byte	16
 246 00a6 10        		.byte	16
 247 00a7 01        		.byte	1
 248 00a8 FA        		.byte	-6
 249 00a9 80        		.byte	-128
 250 00aa F0        		.byte	-16
 251 00ab 08        		.byte	8
 252 00ac 08        		.byte	8
 253 00ad 88        		.byte	-120
 254 00ae 70        		.byte	112
 255 00af 01        		.byte	1
 256 00b0 32        		.byte	50
 257 00b1 40        		.byte	64
 258 00b2 80        		.byte	-128
 259 00b3 F0        		.byte	-16
 260 00b4 88        		.byte	-120
 261 00b5 88        		.byte	-120
 262 00b6 70        		.byte	112
 263 00b7 01        		.byte	1
 264 00b8 FA        		.byte	-6
 265 00b9 08        		.byte	8
 266 00ba 10        		.byte	16
 267 00bb 20        		.byte	32
 268 00bc 40        		.byte	64
 269 00bd 40        		.byte	64
 270 00be 40        		.byte	64
 271 00bf 01        		.byte	1
 272 00c0 72        		.byte	114
 273 00c1 88        		.byte	-120
 274 00c2 88        		.byte	-120
 275 00c3 70        		.byte	112
 276 00c4 88        		.byte	-120
 277 00c5 88        		.byte	-120
 278 00c6 70        		.byte	112
 279 00c7 01        		.byte	1
 280 00c8 72        		.byte	114
 281 00c9 88        		.byte	-120
 282 00ca 88        		.byte	-120
 283 00cb 78        		.byte	120
 284 00cc 08        		.byte	8
 285 00cd 10        		.byte	16
GAS LISTING /tmp/ccf9Lm4R.s 			page 6


 286 00ce 60        		.byte	96
 287 00cf 01        		.byte	1
 288 00d0 02        		.byte	2
 289 00d1 60        		.byte	96
 290 00d2 60        		.byte	96
 291 00d3 00        		.byte	0
 292 00d4 60        		.byte	96
 293 00d5 60        		.byte	96
 294 00d6 00        		.byte	0
 295 00d7 01        		.byte	1
 296 00d8 02        		.byte	2
 297 00d9 60        		.byte	96
 298 00da 60        		.byte	96
 299 00db 00        		.byte	0
 300 00dc 60        		.byte	96
 301 00dd 20        		.byte	32
 302 00de 40        		.byte	64
 303 00df 01        		.byte	1
 304 00e0 12        		.byte	18
 305 00e1 20        		.byte	32
 306 00e2 40        		.byte	64
 307 00e3 80        		.byte	-128
 308 00e4 40        		.byte	64
 309 00e5 20        		.byte	32
 310 00e6 10        		.byte	16
 311 00e7 01        		.byte	1
 312 00e8 02        		.byte	2
 313 00e9 00        		.byte	0
 314 00ea F8        		.byte	-8
 315 00eb 00        		.byte	0
 316 00ec F8        		.byte	-8
 317 00ed 00        		.byte	0
 318 00ee 00        		.byte	0
 319 00ef 01        		.byte	1
 320 00f0 42        		.byte	66
 321 00f1 20        		.byte	32
 322 00f2 10        		.byte	16
 323 00f3 08        		.byte	8
 324 00f4 10        		.byte	16
 325 00f5 20        		.byte	32
 326 00f6 40        		.byte	64
 327 00f7 01        		.byte	1
 328 00f8 72        		.byte	114
 329 00f9 88        		.byte	-120
 330 00fa 08        		.byte	8
 331 00fb 10        		.byte	16
 332 00fc 20        		.byte	32
 333 00fd 00        		.byte	0
 334 00fe 20        		.byte	32
 335 00ff 01        		.byte	1
 336 0100 72        		.byte	114
 337 0101 88        		.byte	-120
 338 0102 08        		.byte	8
 339 0103 68        		.byte	104
 340 0104 A8        		.byte	-88
 341 0105 A8        		.byte	-88
 342 0106 70        		.byte	112
GAS LISTING /tmp/ccf9Lm4R.s 			page 7


 343 0107 01        		.byte	1
 344 0108 72        		.byte	114
 345 0109 88        		.byte	-120
 346 010a 88        		.byte	-120
 347 010b 88        		.byte	-120
 348 010c F8        		.byte	-8
 349 010d 88        		.byte	-120
 350 010e 88        		.byte	-120
 351 010f 01        		.byte	1
 352 0110 F2        		.byte	-14
 353 0111 88        		.byte	-120
 354 0112 88        		.byte	-120
 355 0113 F0        		.byte	-16
 356 0114 88        		.byte	-120
 357 0115 88        		.byte	-120
 358 0116 F0        		.byte	-16
 359 0117 01        		.byte	1
 360 0118 72        		.byte	114
 361 0119 88        		.byte	-120
 362 011a 80        		.byte	-128
 363 011b 80        		.byte	-128
 364 011c 80        		.byte	-128
 365 011d 88        		.byte	-120
 366 011e 70        		.byte	112
 367 011f 01        		.byte	1
 368 0120 E2        		.byte	-30
 369 0121 90        		.byte	-112
 370 0122 88        		.byte	-120
 371 0123 88        		.byte	-120
 372 0124 88        		.byte	-120
 373 0125 90        		.byte	-112
 374 0126 E0        		.byte	-32
 375 0127 01        		.byte	1
 376 0128 FA        		.byte	-6
 377 0129 80        		.byte	-128
 378 012a 80        		.byte	-128
 379 012b F0        		.byte	-16
 380 012c 80        		.byte	-128
 381 012d 80        		.byte	-128
 382 012e F8        		.byte	-8
 383 012f 01        		.byte	1
 384 0130 FA        		.byte	-6
 385 0131 80        		.byte	-128
 386 0132 80        		.byte	-128
 387 0133 F0        		.byte	-16
 388 0134 80        		.byte	-128
 389 0135 80        		.byte	-128
 390 0136 80        		.byte	-128
 391 0137 01        		.byte	1
 392 0138 72        		.byte	114
 393 0139 88        		.byte	-120
 394 013a 80        		.byte	-128
 395 013b B8        		.byte	-72
 396 013c 88        		.byte	-120
 397 013d 88        		.byte	-120
 398 013e 78        		.byte	120
 399 013f 01        		.byte	1
GAS LISTING /tmp/ccf9Lm4R.s 			page 8


 400 0140 8A        		.byte	-118
 401 0141 88        		.byte	-120
 402 0142 88        		.byte	-120
 403 0143 F8        		.byte	-8
 404 0144 88        		.byte	-120
 405 0145 88        		.byte	-120
 406 0146 88        		.byte	-120
 407 0147 01        		.byte	1
 408 0148 72        		.byte	114
 409 0149 20        		.byte	32
 410 014a 20        		.byte	32
 411 014b 20        		.byte	32
 412 014c 20        		.byte	32
 413 014d 20        		.byte	32
 414 014e 70        		.byte	112
 415 014f 01        		.byte	1
 416 0150 3A        		.byte	58
 417 0151 10        		.byte	16
 418 0152 10        		.byte	16
 419 0153 10        		.byte	16
 420 0154 10        		.byte	16
 421 0155 90        		.byte	-112
 422 0156 60        		.byte	96
 423 0157 01        		.byte	1
 424 0158 8A        		.byte	-118
 425 0159 90        		.byte	-112
 426 015a A0        		.byte	-96
 427 015b C0        		.byte	-64
 428 015c A0        		.byte	-96
 429 015d 90        		.byte	-112
 430 015e 88        		.byte	-120
 431 015f 01        		.byte	1
 432 0160 82        		.byte	-126
 433 0161 80        		.byte	-128
 434 0162 80        		.byte	-128
 435 0163 80        		.byte	-128
 436 0164 80        		.byte	-128
 437 0165 80        		.byte	-128
 438 0166 F8        		.byte	-8
 439 0167 01        		.byte	1
 440 0168 8A        		.byte	-118
 441 0169 D8        		.byte	-40
 442 016a A8        		.byte	-88
 443 016b A8        		.byte	-88
 444 016c 88        		.byte	-120
 445 016d 88        		.byte	-120
 446 016e 88        		.byte	-120
 447 016f 01        		.byte	1
 448 0170 8A        		.byte	-118
 449 0171 88        		.byte	-120
 450 0172 C8        		.byte	-56
 451 0173 A8        		.byte	-88
 452 0174 98        		.byte	-104
 453 0175 88        		.byte	-120
 454 0176 88        		.byte	-120
 455 0177 01        		.byte	1
 456 0178 72        		.byte	114
GAS LISTING /tmp/ccf9Lm4R.s 			page 9


 457 0179 88        		.byte	-120
 458 017a 88        		.byte	-120
 459 017b 88        		.byte	-120
 460 017c 88        		.byte	-120
 461 017d 88        		.byte	-120
 462 017e 70        		.byte	112
 463 017f 01        		.byte	1
 464 0180 F2        		.byte	-14
 465 0181 88        		.byte	-120
 466 0182 88        		.byte	-120
 467 0183 F0        		.byte	-16
 468 0184 80        		.byte	-128
 469 0185 80        		.byte	-128
 470 0186 80        		.byte	-128
 471 0187 01        		.byte	1
 472 0188 72        		.byte	114
 473 0189 88        		.byte	-120
 474 018a 88        		.byte	-120
 475 018b 88        		.byte	-120
 476 018c A8        		.byte	-88
 477 018d 90        		.byte	-112
 478 018e 68        		.byte	104
 479 018f 01        		.byte	1
 480 0190 F2        		.byte	-14
 481 0191 88        		.byte	-120
 482 0192 88        		.byte	-120
 483 0193 F0        		.byte	-16
 484 0194 A0        		.byte	-96
 485 0195 90        		.byte	-112
 486 0196 88        		.byte	-120
 487 0197 01        		.byte	1
 488 0198 7A        		.byte	122
 489 0199 80        		.byte	-128
 490 019a 80        		.byte	-128
 491 019b 70        		.byte	112
 492 019c 08        		.byte	8
 493 019d 08        		.byte	8
 494 019e F0        		.byte	-16
 495 019f 01        		.byte	1
 496 01a0 FA        		.byte	-6
 497 01a1 20        		.byte	32
 498 01a2 20        		.byte	32
 499 01a3 20        		.byte	32
 500 01a4 20        		.byte	32
 501 01a5 20        		.byte	32
 502 01a6 20        		.byte	32
 503 01a7 01        		.byte	1
 504 01a8 8A        		.byte	-118
 505 01a9 88        		.byte	-120
 506 01aa 88        		.byte	-120
 507 01ab 88        		.byte	-120
 508 01ac 88        		.byte	-120
 509 01ad 88        		.byte	-120
 510 01ae 70        		.byte	112
 511 01af 01        		.byte	1
 512 01b0 8A        		.byte	-118
 513 01b1 88        		.byte	-120
GAS LISTING /tmp/ccf9Lm4R.s 			page 10


 514 01b2 88        		.byte	-120
 515 01b3 88        		.byte	-120
 516 01b4 88        		.byte	-120
 517 01b5 50        		.byte	80
 518 01b6 20        		.byte	32
 519 01b7 01        		.byte	1
 520 01b8 8A        		.byte	-118
 521 01b9 88        		.byte	-120
 522 01ba 88        		.byte	-120
 523 01bb A8        		.byte	-88
 524 01bc A8        		.byte	-88
 525 01bd A8        		.byte	-88
 526 01be 50        		.byte	80
 527 01bf 01        		.byte	1
 528 01c0 8A        		.byte	-118
 529 01c1 88        		.byte	-120
 530 01c2 50        		.byte	80
 531 01c3 20        		.byte	32
 532 01c4 50        		.byte	80
 533 01c5 88        		.byte	-120
 534 01c6 88        		.byte	-120
 535 01c7 01        		.byte	1
 536 01c8 8A        		.byte	-118
 537 01c9 88        		.byte	-120
 538 01ca 88        		.byte	-120
 539 01cb 50        		.byte	80
 540 01cc 20        		.byte	32
 541 01cd 20        		.byte	32
 542 01ce 20        		.byte	32
 543 01cf 01        		.byte	1
 544 01d0 FA        		.byte	-6
 545 01d1 08        		.byte	8
 546 01d2 10        		.byte	16
 547 01d3 20        		.byte	32
 548 01d4 40        		.byte	64
 549 01d5 80        		.byte	-128
 550 01d6 F8        		.byte	-8
 551 01d7 01        		.byte	1
 552 01d8 72        		.byte	114
 553 01d9 40        		.byte	64
 554 01da 40        		.byte	64
 555 01db 40        		.byte	64
 556 01dc 40        		.byte	64
 557 01dd 40        		.byte	64
 558 01de 70        		.byte	112
 559 01df 01        		.byte	1
 560 01e0 02        		.byte	2
 561 01e1 80        		.byte	-128
 562 01e2 40        		.byte	64
 563 01e3 20        		.byte	32
 564 01e4 10        		.byte	16
 565 01e5 08        		.byte	8
 566 01e6 00        		.byte	0
 567 01e7 01        		.byte	1
 568 01e8 72        		.byte	114
 569 01e9 10        		.byte	16
 570 01ea 10        		.byte	16
GAS LISTING /tmp/ccf9Lm4R.s 			page 11


 571 01eb 10        		.byte	16
 572 01ec 10        		.byte	16
 573 01ed 10        		.byte	16
 574 01ee 70        		.byte	112
 575 01ef 01        		.byte	1
 576 01f0 22        		.byte	34
 577 01f1 50        		.byte	80
 578 01f2 88        		.byte	-120
 579 01f3 00        		.byte	0
 580 01f4 00        		.byte	0
 581 01f5 00        		.byte	0
 582 01f6 00        		.byte	0
 583 01f7 01        		.byte	1
 584 01f8 02        		.byte	2
 585 01f9 00        		.byte	0
 586 01fa 00        		.byte	0
 587 01fb 00        		.byte	0
 588 01fc 00        		.byte	0
 589 01fd 00        		.byte	0
 590 01fe F8        		.byte	-8
 591 01ff 01        		.byte	1
 592 0200 42        		.byte	66
 593 0201 20        		.byte	32
 594 0202 10        		.byte	16
 595 0203 00        		.byte	0
 596 0204 00        		.byte	0
 597 0205 00        		.byte	0
 598 0206 00        		.byte	0
 599 0207 01        		.byte	1
 600 0208 02        		.byte	2
 601 0209 00        		.byte	0
 602 020a 70        		.byte	112
 603 020b 08        		.byte	8
 604 020c 78        		.byte	120
 605 020d 88        		.byte	-120
 606 020e 78        		.byte	120
 607 020f 01        		.byte	1
 608 0210 82        		.byte	-126
 609 0211 80        		.byte	-128
 610 0212 B0        		.byte	-80
 611 0213 C8        		.byte	-56
 612 0214 88        		.byte	-120
 613 0215 88        		.byte	-120
 614 0216 F0        		.byte	-16
 615 0217 01        		.byte	1
 616 0218 02        		.byte	2
 617 0219 00        		.byte	0
 618 021a 70        		.byte	112
 619 021b 80        		.byte	-128
 620 021c 80        		.byte	-128
 621 021d 88        		.byte	-120
 622 021e 70        		.byte	112
 623 021f 01        		.byte	1
 624 0220 0A        		.byte	10
 625 0221 08        		.byte	8
 626 0222 68        		.byte	104
 627 0223 98        		.byte	-104
GAS LISTING /tmp/ccf9Lm4R.s 			page 12


 628 0224 88        		.byte	-120
 629 0225 88        		.byte	-120
 630 0226 78        		.byte	120
 631 0227 01        		.byte	1
 632 0228 02        		.byte	2
 633 0229 00        		.byte	0
 634 022a 70        		.byte	112
 635 022b 88        		.byte	-120
 636 022c F8        		.byte	-8
 637 022d 80        		.byte	-128
 638 022e 70        		.byte	112
 639 022f 01        		.byte	1
 640 0230 32        		.byte	50
 641 0231 48        		.byte	72
 642 0232 40        		.byte	64
 643 0233 E0        		.byte	-32
 644 0234 40        		.byte	64
 645 0235 40        		.byte	64
 646 0236 40        		.byte	64
 647 0237 01        		.byte	1
 648 0238 02        		.byte	2
 649 0239 78        		.byte	120
 650 023a 88        		.byte	-120
 651 023b 88        		.byte	-120
 652 023c 78        		.byte	120
 653 023d 08        		.byte	8
 654 023e 70        		.byte	112
 655 023f 01        		.byte	1
 656 0240 82        		.byte	-126
 657 0241 80        		.byte	-128
 658 0242 B0        		.byte	-80
 659 0243 C8        		.byte	-56
 660 0244 88        		.byte	-120
 661 0245 88        		.byte	-120
 662 0246 88        		.byte	-120
 663 0247 01        		.byte	1
 664 0248 22        		.byte	34
 665 0249 00        		.byte	0
 666 024a 60        		.byte	96
 667 024b 20        		.byte	32
 668 024c 20        		.byte	32
 669 024d 20        		.byte	32
 670 024e 70        		.byte	112
 671 024f 01        		.byte	1
 672 0250 12        		.byte	18
 673 0251 00        		.byte	0
 674 0252 30        		.byte	48
 675 0253 10        		.byte	16
 676 0254 10        		.byte	16
 677 0255 90        		.byte	-112
 678 0256 60        		.byte	96
 679 0257 01        		.byte	1
 680 0258 82        		.byte	-126
 681 0259 80        		.byte	-128
 682 025a 90        		.byte	-112
 683 025b A0        		.byte	-96
 684 025c C0        		.byte	-64
GAS LISTING /tmp/ccf9Lm4R.s 			page 13


 685 025d A0        		.byte	-96
 686 025e 90        		.byte	-112
 687 025f 01        		.byte	1
 688 0260 62        		.byte	98
 689 0261 20        		.byte	32
 690 0262 20        		.byte	32
 691 0263 20        		.byte	32
 692 0264 20        		.byte	32
 693 0265 20        		.byte	32
 694 0266 70        		.byte	112
 695 0267 01        		.byte	1
 696 0268 02        		.byte	2
 697 0269 00        		.byte	0
 698 026a D0        		.byte	-48
 699 026b A8        		.byte	-88
 700 026c A8        		.byte	-88
 701 026d A8        		.byte	-88
 702 026e A8        		.byte	-88
 703 026f 01        		.byte	1
 704 0270 02        		.byte	2
 705 0271 00        		.byte	0
 706 0272 B0        		.byte	-80
 707 0273 C8        		.byte	-56
 708 0274 88        		.byte	-120
 709 0275 88        		.byte	-120
 710 0276 88        		.byte	-120
 711 0277 01        		.byte	1
 712 0278 02        		.byte	2
 713 0279 00        		.byte	0
 714 027a 70        		.byte	112
 715 027b 88        		.byte	-120
 716 027c 88        		.byte	-120
 717 027d 88        		.byte	-120
 718 027e 70        		.byte	112
 719 027f 01        		.byte	1
 720 0280 02        		.byte	2
 721 0281 00        		.byte	0
 722 0282 F0        		.byte	-16
 723 0283 88        		.byte	-120
 724 0284 F0        		.byte	-16
 725 0285 80        		.byte	-128
 726 0286 80        		.byte	-128
 727 0287 01        		.byte	1
 728 0288 02        		.byte	2
 729 0289 00        		.byte	0
 730 028a 68        		.byte	104
 731 028b 98        		.byte	-104
 732 028c 78        		.byte	120
 733 028d 08        		.byte	8
 734 028e 08        		.byte	8
 735 028f 01        		.byte	1
 736 0290 02        		.byte	2
 737 0291 00        		.byte	0
 738 0292 B0        		.byte	-80
 739 0293 C8        		.byte	-56
 740 0294 80        		.byte	-128
 741 0295 80        		.byte	-128
GAS LISTING /tmp/ccf9Lm4R.s 			page 14


 742 0296 80        		.byte	-128
 743 0297 01        		.byte	1
 744 0298 02        		.byte	2
 745 0299 00        		.byte	0
 746 029a 70        		.byte	112
 747 029b 80        		.byte	-128
 748 029c 70        		.byte	112
 749 029d 08        		.byte	8
 750 029e F0        		.byte	-16
 751 029f 01        		.byte	1
 752 02a0 42        		.byte	66
 753 02a1 40        		.byte	64
 754 02a2 E0        		.byte	-32
 755 02a3 40        		.byte	64
 756 02a4 40        		.byte	64
 757 02a5 48        		.byte	72
 758 02a6 30        		.byte	48
 759 02a7 01        		.byte	1
 760 02a8 02        		.byte	2
 761 02a9 00        		.byte	0
 762 02aa 88        		.byte	-120
 763 02ab 88        		.byte	-120
 764 02ac 88        		.byte	-120
 765 02ad 98        		.byte	-104
 766 02ae 68        		.byte	104
 767 02af 01        		.byte	1
 768 02b0 02        		.byte	2
 769 02b1 00        		.byte	0
 770 02b2 88        		.byte	-120
 771 02b3 88        		.byte	-120
 772 02b4 88        		.byte	-120
 773 02b5 50        		.byte	80
 774 02b6 20        		.byte	32
 775 02b7 01        		.byte	1
 776 02b8 02        		.byte	2
 777 02b9 00        		.byte	0
 778 02ba 88        		.byte	-120
 779 02bb 88        		.byte	-120
 780 02bc A8        		.byte	-88
 781 02bd A8        		.byte	-88
 782 02be 50        		.byte	80
 783 02bf 01        		.byte	1
 784 02c0 02        		.byte	2
 785 02c1 00        		.byte	0
 786 02c2 88        		.byte	-120
 787 02c3 50        		.byte	80
 788 02c4 20        		.byte	32
 789 02c5 50        		.byte	80
 790 02c6 88        		.byte	-120
 791 02c7 01        		.byte	1
 792 02c8 02        		.byte	2
 793 02c9 00        		.byte	0
 794 02ca 88        		.byte	-120
 795 02cb 88        		.byte	-120
 796 02cc 78        		.byte	120
 797 02cd 08        		.byte	8
 798 02ce 70        		.byte	112
GAS LISTING /tmp/ccf9Lm4R.s 			page 15


 799 02cf 01        		.byte	1
 800 02d0 02        		.byte	2
 801 02d1 00        		.byte	0
 802 02d2 F8        		.byte	-8
 803 02d3 10        		.byte	16
 804 02d4 20        		.byte	32
 805 02d5 40        		.byte	64
 806 02d6 F8        		.byte	-8
 807 02d7 01        		.byte	1
 808 02d8 12        		.byte	18
 809 02d9 20        		.byte	32
 810 02da 20        		.byte	32
 811 02db 40        		.byte	64
 812 02dc 20        		.byte	32
 813 02dd 20        		.byte	32
 814 02de 10        		.byte	16
 815 02df 01        		.byte	1
 816 02e0 22        		.byte	34
 817 02e1 20        		.byte	32
 818 02e2 20        		.byte	32
 819 02e3 20        		.byte	32
 820 02e4 20        		.byte	32
 821 02e5 20        		.byte	32
 822 02e6 20        		.byte	32
 823 02e7 01        		.byte	1
 824 02e8 42        		.byte	66
 825 02e9 20        		.byte	32
 826 02ea 20        		.byte	32
 827 02eb 10        		.byte	16
 828 02ec 20        		.byte	32
 829 02ed 20        		.byte	32
 830 02ee 40        		.byte	64
 831 02ef 01        		.byte	1
 832 02f0 02        		.byte	2
 833 02f1 00        		.byte	0
 834 02f2 68        		.byte	104
 835 02f3 90        		.byte	-112
 836 02f4 00        		.byte	0
 837 02f5 00        		.byte	0
 838 02f6 00        		.byte	0
 839 02f7 01        		.byte	1
 840 02f8 02        		.byte	2
 841 02f9 00        		.byte	0
 842 02fa 00        		.byte	0
 843 02fb 00        		.byte	0
 844 02fc 00        		.byte	0
 845 02fd 00        		.byte	0
 846 02fe 00        		.byte	0
 847 02ff 01        		.byte	1
 848               		.stabs	"ascii:G(0,60)=ar(0,61)=r(0,61);0;0177777;;0;95;(0,62)=ar(0,61);0;7;(0,63)=k(0,13)",32,0,4,
 849               		.text
 850               		.stabs	"",100,0,0,.Letext0
 851               	.Letext0:
 852               		.ident	"GCC: (GNU) 4.7.2"
GAS LISTING /tmp/ccf9Lm4R.s 			page 16


DEFINED SYMBOLS
                            *ABS*:0000000000000000 ascii.cpp
     /tmp/ccf9Lm4R.s:2      *ABS*:000000000000003e __SP_H__
     /tmp/ccf9Lm4R.s:3      *ABS*:000000000000003d __SP_L__
     /tmp/ccf9Lm4R.s:4      *ABS*:000000000000003f __SREG__
     /tmp/ccf9Lm4R.s:5      *ABS*:0000000000000000 __tmp_reg__
     /tmp/ccf9Lm4R.s:6      *ABS*:0000000000000001 __zero_reg__
     /tmp/ccf9Lm4R.s:79     .progmem.data:0000000000000000 ascii

NO UNDEFINED SYMBOLS
